2019-12-08 01:17:51.157  INFO 15115 --- [JavaFX Application Thread] o.s.boot.SpringApplication               : Starting application on pawen with PID 15115 (started by stown in /home/stown/IdeaProjects/Spring Tutorial/JavafxSpring02)
2019-12-08 01:17:51.250  INFO 15115 --- [JavaFX Application Thread] o.s.boot.SpringApplication               : No active profile set, falling back to default profiles: default
2019-12-08 01:17:52.789  INFO 15115 --- [JavaFX Application Thread] .s.d.r.c.RepositoryConfigurationDelegate : Bootstrapping Spring Data repositories in DEFAULT mode.
2019-12-08 01:17:52.877  INFO 15115 --- [JavaFX Application Thread] .s.d.r.c.RepositoryConfigurationDelegate : Finished Spring Data repository scanning in 52ms. Found 0 repository interfaces.
2019-12-08 01:17:54.725  INFO 15115 --- [JavaFX Application Thread] com.zaxxer.hikari.HikariDataSource       : HikariPool-1 - Starting...
2019-12-08 01:17:57.036  INFO 15115 --- [JavaFX Application Thread] com.zaxxer.hikari.HikariDataSource       : HikariPool-1 - Start completed.
2019-12-08 01:17:57.614  INFO 15115 --- [JavaFX Application Thread] o.hibernate.jpa.internal.util.LogHelper  : HHH000204: Processing PersistenceUnitInfo [name: default]
2019-12-08 01:17:58.454  INFO 15115 --- [JavaFX Application Thread] org.hibernate.Version                    : HHH000412: Hibernate Core {5.4.8.Final}
2019-12-08 01:18:05.103  INFO 15115 --- [JavaFX Application Thread] o.hibernate.annotations.common.Version   : HCANN000001: Hibernate Commons Annotations {5.1.0.Final}
2019-12-08 01:18:05.819  INFO 15115 --- [JavaFX Application Thread] org.hibernate.dialect.Dialect            : HHH000400: Using dialect: org.hibernate.dialect.PostgreSQL10Dialect
2019-12-08 01:18:08.455  INFO 15115 --- [JavaFX Application Thread] o.h.e.t.j.p.i.JtaPlatformInitiator       : HHH000490: Using JtaPlatform implementation: [org.hibernate.engine.transaction.jta.platform.internal.NoJtaPlatform]
2019-12-08 01:18:08.468  INFO 15115 --- [JavaFX Application Thread] j.LocalContainerEntityManagerFactoryBean : Initialized JPA EntityManagerFactory for persistence unit 'default'
2019-12-08 01:18:08.913  INFO 15115 --- [JavaFX Application Thread] o.s.boot.SpringApplication               : Started application in 18.759 seconds (JVM running for 22.351)
2019-12-08 01:18:09.024  INFO 15115 --- [JavaFX Application Thread] c.p.l.controller.AppController           : Successfully load main windowd
2019-12-08 01:18:11.132  INFO 15115 --- [JavaFX Application Thread] c.p.l.c.menuKiri.PanelKiriController     : Load panel kiri
2019-12-08 01:18:11.899  INFO 15115 --- [JavaFX Application Thread] c.p.l.c.menuUtama.AddNewDataController   : Load panel kiri
2019-12-08 01:18:14.033  INFO 15115 --- [JavaFX Application Thread] c.p.l.JavafxSpring02Application          : Loading project javaspringexample02 successfully
2019-12-08 01:18:20.459  INFO 15115 --- [JavaFX Application Thread] c.p.l.controller.LogController           : Successfully load log window
2019-12-08 01:18:22.210  INFO 15115 --- [JavaFX Application Thread] c.p.l.c.menuUtama.AddNewDataController   : Load panel kiri
2019-12-08 01:18:43.718  INFO 15115 --- [SpringContextShutdownHook] j.LocalContainerEntityManagerFactoryBean : Closing JPA EntityManagerFactory for persistence unit 'default'
2019-12-08 01:18:43.722  INFO 15115 --- [SpringContextShutdownHook] com.zaxxer.hikari.HikariDataSource       : HikariPool-1 - Shutdown initiated...
2019-12-08 01:18:43.744  INFO 15115 --- [SpringContextShutdownHook] com.zaxxer.hikari.HikariDataSource       : HikariPool-1 - Shutdown completed.
2019-12-08 01:20:05.102  INFO 15249 --- [JavaFX Application Thread] o.s.boot.SpringApplication               : Starting application on pawen with PID 15249 (started by stown in /home/stown/IdeaProjects/Spring Tutorial/JavafxSpring02)
2019-12-08 01:20:05.109  INFO 15249 --- [JavaFX Application Thread] o.s.boot.SpringApplication               : No active profile set, falling back to default profiles: default
2019-12-08 01:20:06.110  INFO 15249 --- [JavaFX Application Thread] .s.d.r.c.RepositoryConfigurationDelegate : Bootstrapping Spring Data repositories in DEFAULT mode.
2019-12-08 01:20:06.179  INFO 15249 --- [JavaFX Application Thread] .s.d.r.c.RepositoryConfigurationDelegate : Finished Spring Data repository scanning in 36ms. Found 0 repository interfaces.
2019-12-08 01:20:07.948  INFO 15249 --- [JavaFX Application Thread] com.zaxxer.hikari.HikariDataSource       : HikariPool-1 - Starting...
2019-12-08 01:20:09.038  INFO 15249 --- [JavaFX Application Thread] com.zaxxer.hikari.HikariDataSource       : HikariPool-1 - Start completed.
2019-12-08 01:20:09.220  INFO 15249 --- [JavaFX Application Thread] o.hibernate.jpa.internal.util.LogHelper  : HHH000204: Processing PersistenceUnitInfo [name: default]
2019-12-08 01:20:09.433  INFO 15249 --- [JavaFX Application Thread] org.hibernate.Version                    : HHH000412: Hibernate Core {5.4.8.Final}
2019-12-08 01:20:09.835  INFO 15249 --- [JavaFX Application Thread] o.hibernate.annotations.common.Version   : HCANN000001: Hibernate Commons Annotations {5.1.0.Final}
2019-12-08 01:20:10.165  INFO 15249 --- [JavaFX Application Thread] org.hibernate.dialect.Dialect            : HHH000400: Using dialect: org.hibernate.dialect.PostgreSQL10Dialect
2019-12-08 01:20:11.568  INFO 15249 --- [JavaFX Application Thread] o.h.e.t.j.p.i.JtaPlatformInitiator       : HHH000490: Using JtaPlatform implementation: [org.hibernate.engine.transaction.jta.platform.internal.NoJtaPlatform]
2019-12-08 01:20:11.586  INFO 15249 --- [JavaFX Application Thread] j.LocalContainerEntityManagerFactoryBean : Initialized JPA EntityManagerFactory for persistence unit 'default'
2019-12-08 01:20:11.764  INFO 15249 --- [JavaFX Application Thread] o.s.boot.SpringApplication               : Started application in 7.773 seconds (JVM running for 11.848)
2019-12-08 01:20:11.796  INFO 15249 --- [JavaFX Application Thread] c.p.l.controller.AppController           : Successfully load main windowd
2019-12-08 01:20:12.364  INFO 15249 --- [JavaFX Application Thread] c.p.l.c.menuKiri.PanelKiriController     : Load panel kiri
2019-12-08 01:20:12.495  INFO 15249 --- [JavaFX Application Thread] c.p.l.c.menuUtama.AddNewDataController   : Load panel kiri
2019-12-08 01:20:13.592  INFO 15249 --- [JavaFX Application Thread] c.p.l.JavafxSpring02Application          : Loading project javaspringexample02 successfully
2019-12-08 01:20:27.860  INFO 15249 --- [SpringContextShutdownHook] j.LocalContainerEntityManagerFactoryBean : Closing JPA EntityManagerFactory for persistence unit 'default'
2019-12-08 01:20:27.863  INFO 15249 --- [SpringContextShutdownHook] com.zaxxer.hikari.HikariDataSource       : HikariPool-1 - Shutdown initiated...
2019-12-08 01:20:27.924  INFO 15249 --- [SpringContextShutdownHook] com.zaxxer.hikari.HikariDataSource       : HikariPool-1 - Shutdown completed.
2019-12-08 01:34:03.204  INFO 15753 --- [JavaFX Application Thread] o.s.boot.SpringApplication               : Starting application on pawen with PID 15753 (started by stown in /home/stown/IdeaProjects/Spring Tutorial/JavafxSpring02)
2019-12-08 01:34:03.226  INFO 15753 --- [JavaFX Application Thread] o.s.boot.SpringApplication               : No active profile set, falling back to default profiles: default
2019-12-08 01:34:04.258  INFO 15753 --- [JavaFX Application Thread] .s.d.r.c.RepositoryConfigurationDelegate : Bootstrapping Spring Data repositories in DEFAULT mode.
2019-12-08 01:34:04.294  INFO 15753 --- [JavaFX Application Thread] .s.d.r.c.RepositoryConfigurationDelegate : Finished Spring Data repository scanning in 23ms. Found 0 repository interfaces.
2019-12-08 01:34:04.965  INFO 15753 --- [JavaFX Application Thread] com.zaxxer.hikari.HikariDataSource       : HikariPool-1 - Starting...
2019-12-08 01:34:05.528  INFO 15753 --- [JavaFX Application Thread] com.zaxxer.hikari.HikariDataSource       : HikariPool-1 - Start completed.
2019-12-08 01:34:05.631  INFO 15753 --- [JavaFX Application Thread] o.hibernate.jpa.internal.util.LogHelper  : HHH000204: Processing PersistenceUnitInfo [name: default]
2019-12-08 01:34:05.803  INFO 15753 --- [JavaFX Application Thread] org.hibernate.Version                    : HHH000412: Hibernate Core {5.4.8.Final}
2019-12-08 01:34:06.127  INFO 15753 --- [JavaFX Application Thread] o.hibernate.annotations.common.Version   : HCANN000001: Hibernate Commons Annotations {5.1.0.Final}
2019-12-08 01:34:06.410  INFO 15753 --- [JavaFX Application Thread] org.hibernate.dialect.Dialect            : HHH000400: Using dialect: org.hibernate.dialect.PostgreSQL10Dialect
2019-12-08 01:34:07.945  INFO 15753 --- [JavaFX Application Thread] o.h.e.t.j.p.i.JtaPlatformInitiator       : HHH000490: Using JtaPlatform implementation: [org.hibernate.engine.transaction.jta.platform.internal.NoJtaPlatform]
2019-12-08 01:34:07.959  INFO 15753 --- [JavaFX Application Thread] j.LocalContainerEntityManagerFactoryBean : Initialized JPA EntityManagerFactory for persistence unit 'default'
2019-12-08 01:34:08.145  INFO 15753 --- [JavaFX Application Thread] o.s.boot.SpringApplication               : Started application in 5.836 seconds (JVM running for 7.435)
2019-12-08 01:34:08.180  INFO 15753 --- [JavaFX Application Thread] c.p.l.controller.AppController           : Successfully load main windowd
2019-12-08 01:34:08.951  INFO 15753 --- [JavaFX Application Thread] c.p.l.c.menuKiri.PanelKiriController     : Load panel kiri
2019-12-08 01:34:09.181  INFO 15753 --- [JavaFX Application Thread] c.p.l.c.menuUtama.AddNewDataController   : Load panel kiri
2019-12-08 01:34:10.682  INFO 15753 --- [JavaFX Application Thread] c.p.l.JavafxSpring02Application          : Loading project javaspringexample02 successfully
2019-12-08 01:34:16.063  INFO 15753 --- [SpringContextShutdownHook] j.LocalContainerEntityManagerFactoryBean : Closing JPA EntityManagerFactory for persistence unit 'default'
2019-12-08 01:34:16.069  INFO 15753 --- [SpringContextShutdownHook] com.zaxxer.hikari.HikariDataSource       : HikariPool-1 - Shutdown initiated...
2019-12-08 01:34:16.101  INFO 15753 --- [SpringContextShutdownHook] com.zaxxer.hikari.HikariDataSource       : HikariPool-1 - Shutdown completed.
2019-12-08 01:34:55.356  INFO 15943 --- [JavaFX Application Thread] o.s.boot.SpringApplication               : Starting application on pawen with PID 15943 (started by stown in /home/stown/IdeaProjects/Spring Tutorial/JavafxSpring02)
2019-12-08 01:34:55.361  INFO 15943 --- [JavaFX Application Thread] o.s.boot.SpringApplication               : No active profile set, falling back to default profiles: default
2019-12-08 01:34:56.326  INFO 15943 --- [JavaFX Application Thread] .s.d.r.c.RepositoryConfigurationDelegate : Bootstrapping Spring Data repositories in DEFAULT mode.
2019-12-08 01:34:56.373  INFO 15943 --- [JavaFX Application Thread] .s.d.r.c.RepositoryConfigurationDelegate : Finished Spring Data repository scanning in 26ms. Found 0 repository interfaces.
2019-12-08 01:34:57.127  INFO 15943 --- [JavaFX Application Thread] com.zaxxer.hikari.HikariDataSource       : HikariPool-1 - Starting...
2019-12-08 01:34:57.673  INFO 15943 --- [JavaFX Application Thread] com.zaxxer.hikari.HikariDataSource       : HikariPool-1 - Start completed.
2019-12-08 01:34:57.777  INFO 15943 --- [JavaFX Application Thread] o.hibernate.jpa.internal.util.LogHelper  : HHH000204: Processing PersistenceUnitInfo [name: default]
2019-12-08 01:34:57.928  INFO 15943 --- [JavaFX Application Thread] org.hibernate.Version                    : HHH000412: Hibernate Core {5.4.8.Final}
2019-12-08 01:34:58.245  INFO 15943 --- [JavaFX Application Thread] o.hibernate.annotations.common.Version   : HCANN000001: Hibernate Commons Annotations {5.1.0.Final}
2019-12-08 01:34:58.497  INFO 15943 --- [JavaFX Application Thread] org.hibernate.dialect.Dialect            : HHH000400: Using dialect: org.hibernate.dialect.PostgreSQL10Dialect
2019-12-08 01:35:00.224  INFO 15943 --- [JavaFX Application Thread] o.h.e.t.j.p.i.JtaPlatformInitiator       : HHH000490: Using JtaPlatform implementation: [org.hibernate.engine.transaction.jta.platform.internal.NoJtaPlatform]
2019-12-08 01:35:00.240  INFO 15943 --- [JavaFX Application Thread] j.LocalContainerEntityManagerFactoryBean : Initialized JPA EntityManagerFactory for persistence unit 'default'
2019-12-08 01:35:00.418  INFO 15943 --- [JavaFX Application Thread] o.s.boot.SpringApplication               : Started application in 5.901 seconds (JVM running for 7.638)
2019-12-08 01:35:00.438  INFO 15943 --- [JavaFX Application Thread] c.p.l.controller.AppController           : Successfully load main windowd
2019-12-08 01:35:01.005  INFO 15943 --- [JavaFX Application Thread] c.p.l.c.menuKiri.PanelKiriController     : Load panel kiri
2019-12-08 01:35:01.165  INFO 15943 --- [JavaFX Application Thread] c.p.l.c.menuUtama.AddNewDataController   : Load panel kiri
2019-12-08 01:35:02.430  INFO 15943 --- [JavaFX Application Thread] c.p.l.JavafxSpring02Application          : Loading project javaspringexample02 successfully
2019-12-08 01:35:17.792  INFO 15943 --- [SpringContextShutdownHook] j.LocalContainerEntityManagerFactoryBean : Closing JPA EntityManagerFactory for persistence unit 'default'
2019-12-08 01:35:17.797  INFO 15943 --- [SpringContextShutdownHook] com.zaxxer.hikari.HikariDataSource       : HikariPool-1 - Shutdown initiated...
2019-12-08 01:35:17.829  INFO 15943 --- [SpringContextShutdownHook] com.zaxxer.hikari.HikariDataSource       : HikariPool-1 - Shutdown completed.
2019-12-08 01:35:33.984  INFO 16061 --- [JavaFX Application Thread] o.s.boot.SpringApplication               : Starting application on pawen with PID 16061 (started by stown in /home/stown/IdeaProjects/Spring Tutorial/JavafxSpring02)
2019-12-08 01:35:33.987  INFO 16061 --- [JavaFX Application Thread] o.s.boot.SpringApplication               : No active profile set, falling back to default profiles: default
2019-12-08 01:35:34.836  INFO 16061 --- [JavaFX Application Thread] .s.d.r.c.RepositoryConfigurationDelegate : Bootstrapping Spring Data repositories in DEFAULT mode.
2019-12-08 01:35:34.877  INFO 16061 --- [JavaFX Application Thread] .s.d.r.c.RepositoryConfigurationDelegate : Finished Spring Data repository scanning in 25ms. Found 0 repository interfaces.
2019-12-08 01:35:35.518  INFO 16061 --- [JavaFX Application Thread] com.zaxxer.hikari.HikariDataSource       : HikariPool-1 - Starting...
2019-12-08 01:35:36.037  INFO 16061 --- [JavaFX Application Thread] com.zaxxer.hikari.HikariDataSource       : HikariPool-1 - Start completed.
2019-12-08 01:35:36.135  INFO 16061 --- [JavaFX Application Thread] o.hibernate.jpa.internal.util.LogHelper  : HHH000204: Processing PersistenceUnitInfo [name: default]
2019-12-08 01:35:36.281  INFO 16061 --- [JavaFX Application Thread] org.hibernate.Version                    : HHH000412: Hibernate Core {5.4.8.Final}
2019-12-08 01:35:36.602  INFO 16061 --- [JavaFX Application Thread] o.hibernate.annotations.common.Version   : HCANN000001: Hibernate Commons Annotations {5.1.0.Final}
2019-12-08 01:35:36.839  INFO 16061 --- [JavaFX Application Thread] org.hibernate.dialect.Dialect            : HHH000400: Using dialect: org.hibernate.dialect.PostgreSQL10Dialect
2019-12-08 01:35:38.334  INFO 16061 --- [JavaFX Application Thread] o.h.e.t.j.p.i.JtaPlatformInitiator       : HHH000490: Using JtaPlatform implementation: [org.hibernate.engine.transaction.jta.platform.internal.NoJtaPlatform]
2019-12-08 01:35:38.347  INFO 16061 --- [JavaFX Application Thread] j.LocalContainerEntityManagerFactoryBean : Initialized JPA EntityManagerFactory for persistence unit 'default'
2019-12-08 01:35:38.546  INFO 16061 --- [JavaFX Application Thread] o.s.boot.SpringApplication               : Started application in 5.574 seconds (JVM running for 7.076)
2019-12-08 01:35:38.571  INFO 16061 --- [JavaFX Application Thread] c.p.l.controller.AppController           : Successfully load main windowd
2019-12-08 01:35:39.204  INFO 16061 --- [JavaFX Application Thread] c.p.l.c.menuKiri.PanelKiriController     : Load panel kiri
2019-12-08 01:35:39.347  INFO 16061 --- [JavaFX Application Thread] c.p.l.c.menuUtama.AddNewDataController   : Load panel kiri
2019-12-08 01:35:40.771  INFO 16061 --- [JavaFX Application Thread] c.p.l.JavafxSpring02Application          : Loading project javaspringexample02 successfully
2019-12-08 01:35:53.106  INFO 16061 --- [JavaFX Application Thread] c.p.l.c.menuUtama.AddNewDataController   : Load panel kiri
2019-12-08 01:35:55.946  INFO 16061 --- [JavaFX Application Thread] c.p.l.c.menuUtama.AddNewDataController   : Load panel kiri
2019-12-08 01:35:59.455  INFO 16061 --- [JavaFX Application Thread] c.p.l.controller.LogController           : Successfully load log window
2019-12-08 01:36:00.393  INFO 16061 --- [JavaFX Application Thread] c.p.l.c.menuUtama.AddNewDataController   : Load panel kiri
2019-12-08 01:36:01.454  INFO 16061 --- [JavaFX Application Thread] c.p.l.controller.LogController           : Successfully load log window
2019-12-08 01:36:02.121  INFO 16061 --- [JavaFX Application Thread] c.p.l.c.menuUtama.AddNewDataController   : Load panel kiri
2019-12-08 01:36:07.658  INFO 16061 --- [SpringContextShutdownHook] j.LocalContainerEntityManagerFactoryBean : Closing JPA EntityManagerFactory for persistence unit 'default'
2019-12-08 01:36:07.662  INFO 16061 --- [SpringContextShutdownHook] com.zaxxer.hikari.HikariDataSource       : HikariPool-1 - Shutdown initiated...
2019-12-08 01:36:07.705  INFO 16061 --- [SpringContextShutdownHook] com.zaxxer.hikari.HikariDataSource       : HikariPool-1 - Shutdown completed.
2019-12-08 01:36:35.716  INFO 16156 --- [JavaFX Application Thread] o.s.boot.SpringApplication               : Starting application on pawen with PID 16156 (started by stown in /home/stown/IdeaProjects/Spring Tutorial/JavafxSpring02)
2019-12-08 01:36:35.720  INFO 16156 --- [JavaFX Application Thread] o.s.boot.SpringApplication               : No active profile set, falling back to default profiles: default
2019-12-08 01:36:36.455  INFO 16156 --- [JavaFX Application Thread] .s.d.r.c.RepositoryConfigurationDelegate : Bootstrapping Spring Data repositories in DEFAULT mode.
2019-12-08 01:36:36.492  INFO 16156 --- [JavaFX Application Thread] .s.d.r.c.RepositoryConfigurationDelegate : Finished Spring Data repository scanning in 23ms. Found 0 repository interfaces.
2019-12-08 01:36:37.098  INFO 16156 --- [JavaFX Application Thread] com.zaxxer.hikari.HikariDataSource       : HikariPool-1 - Starting...
2019-12-08 01:36:37.544  INFO 16156 --- [JavaFX Application Thread] com.zaxxer.hikari.HikariDataSource       : HikariPool-1 - Start completed.
2019-12-08 01:36:37.628  INFO 16156 --- [JavaFX Application Thread] o.hibernate.jpa.internal.util.LogHelper  : HHH000204: Processing PersistenceUnitInfo [name: default]
2019-12-08 01:36:37.784  INFO 16156 --- [JavaFX Application Thread] org.hibernate.Version                    : HHH000412: Hibernate Core {5.4.8.Final}
2019-12-08 01:36:38.172  INFO 16156 --- [JavaFX Application Thread] o.hibernate.annotations.common.Version   : HCANN000001: Hibernate Commons Annotations {5.1.0.Final}
2019-12-08 01:36:38.370  INFO 16156 --- [JavaFX Application Thread] org.hibernate.dialect.Dialect            : HHH000400: Using dialect: org.hibernate.dialect.PostgreSQL10Dialect
2019-12-08 01:36:40.250  INFO 16156 --- [JavaFX Application Thread] o.h.e.t.j.p.i.JtaPlatformInitiator       : HHH000490: Using JtaPlatform implementation: [org.hibernate.engine.transaction.jta.platform.internal.NoJtaPlatform]
2019-12-08 01:36:40.264  INFO 16156 --- [JavaFX Application Thread] j.LocalContainerEntityManagerFactoryBean : Initialized JPA EntityManagerFactory for persistence unit 'default'
2019-12-08 01:36:40.443  INFO 16156 --- [JavaFX Application Thread] o.s.boot.SpringApplication               : Started application in 5.538 seconds (JVM running for 7.248)
2019-12-08 01:36:40.477  INFO 16156 --- [JavaFX Application Thread] c.p.l.controller.AppController           : Successfully load main windowd
2019-12-08 01:36:41.119  INFO 16156 --- [JavaFX Application Thread] c.p.l.c.menuKiri.PanelKiriController     : Load panel kiri
2019-12-08 01:36:41.285  INFO 16156 --- [JavaFX Application Thread] c.p.l.c.menuUtama.AddNewDataController   : Load panel kiri
2019-12-08 01:36:42.700  INFO 16156 --- [JavaFX Application Thread] c.p.l.JavafxSpring02Application          : Loading project javaspringexample02 successfully
2019-12-08 01:37:23.490  INFO 16156 --- [JavaFX Application Thread] c.p.l.c.menuUtama.AddNewDataController   : Load panel kiri
2019-12-08 01:37:25.127  INFO 16156 --- [JavaFX Application Thread] c.p.l.controller.LogController           : Successfully load log window
2019-12-08 01:37:25.798  INFO 16156 --- [JavaFX Application Thread] c.p.l.c.menuUtama.AddNewDataController   : Load panel kiri
2019-12-08 01:37:35.309  INFO 16156 --- [SpringContextShutdownHook] j.LocalContainerEntityManagerFactoryBean : Closing JPA EntityManagerFactory for persistence unit 'default'
2019-12-08 01:37:35.314  INFO 16156 --- [SpringContextShutdownHook] com.zaxxer.hikari.HikariDataSource       : HikariPool-1 - Shutdown initiated...
2019-12-08 01:37:35.358  INFO 16156 --- [SpringContextShutdownHook] com.zaxxer.hikari.HikariDataSource       : HikariPool-1 - Shutdown completed.
2019-12-08 01:38:35.687  INFO 16273 --- [JavaFX Application Thread] o.s.boot.SpringApplication               : Starting application on pawen with PID 16273 (started by stown in /home/stown/IdeaProjects/Spring Tutorial/JavafxSpring02)
2019-12-08 01:38:35.690  INFO 16273 --- [JavaFX Application Thread] o.s.boot.SpringApplication               : No active profile set, falling back to default profiles: default
2019-12-08 01:38:36.584  INFO 16273 --- [JavaFX Application Thread] .s.d.r.c.RepositoryConfigurationDelegate : Bootstrapping Spring Data repositories in DEFAULT mode.
2019-12-08 01:38:36.686  INFO 16273 --- [JavaFX Application Thread] .s.d.r.c.RepositoryConfigurationDelegate : Finished Spring Data repository scanning in 48ms. Found 0 repository interfaces.
2019-12-08 01:38:37.407  INFO 16273 --- [JavaFX Application Thread] com.zaxxer.hikari.HikariDataSource       : HikariPool-1 - Starting...
2019-12-08 01:38:37.918  INFO 16273 --- [JavaFX Application Thread] com.zaxxer.hikari.HikariDataSource       : HikariPool-1 - Start completed.
2019-12-08 01:38:38.020  INFO 16273 --- [JavaFX Application Thread] o.hibernate.jpa.internal.util.LogHelper  : HHH000204: Processing PersistenceUnitInfo [name: default]
2019-12-08 01:38:38.202  INFO 16273 --- [JavaFX Application Thread] org.hibernate.Version                    : HHH000412: Hibernate Core {5.4.8.Final}
2019-12-08 01:38:38.501  INFO 16273 --- [JavaFX Application Thread] o.hibernate.annotations.common.Version   : HCANN000001: Hibernate Commons Annotations {5.1.0.Final}
2019-12-08 01:38:38.682  INFO 16273 --- [JavaFX Application Thread] org.hibernate.dialect.Dialect            : HHH000400: Using dialect: org.hibernate.dialect.PostgreSQL10Dialect
2019-12-08 01:38:40.117  INFO 16273 --- [JavaFX Application Thread] o.h.e.t.j.p.i.JtaPlatformInitiator       : HHH000490: Using JtaPlatform implementation: [org.hibernate.engine.transaction.jta.platform.internal.NoJtaPlatform]
2019-12-08 01:38:40.136  INFO 16273 --- [JavaFX Application Thread] j.LocalContainerEntityManagerFactoryBean : Initialized JPA EntityManagerFactory for persistence unit 'default'
2019-12-08 01:38:40.376  INFO 16273 --- [JavaFX Application Thread] o.s.boot.SpringApplication               : Started application in 5.488 seconds (JVM running for 7.034)
2019-12-08 01:38:40.401  INFO 16273 --- [JavaFX Application Thread] c.p.l.controller.AppController           : Successfully load main windowd
2019-12-08 01:38:40.997  INFO 16273 --- [JavaFX Application Thread] c.p.l.c.menuKiri.PanelKiriController     : Load panel kiri
2019-12-08 01:38:41.144  INFO 16273 --- [JavaFX Application Thread] c.p.l.c.menuUtama.AddNewDataController   : Load panel kiri
2019-12-08 01:38:42.515  INFO 16273 --- [JavaFX Application Thread] c.p.l.JavafxSpring02Application          : Loading project javaspringexample02 successfully
2019-12-08 01:39:19.063  INFO 16273 --- [SpringContextShutdownHook] j.LocalContainerEntityManagerFactoryBean : Closing JPA EntityManagerFactory for persistence unit 'default'
2019-12-08 01:39:19.071  INFO 16273 --- [SpringContextShutdownHook] com.zaxxer.hikari.HikariDataSource       : HikariPool-1 - Shutdown initiated...
2019-12-08 01:39:19.122  INFO 16273 --- [SpringContextShutdownHook] com.zaxxer.hikari.HikariDataSource       : HikariPool-1 - Shutdown completed.
2019-12-08 01:50:41.562  INFO 16591 --- [JavaFX Application Thread] o.s.boot.SpringApplication               : Starting application on pawen with PID 16591 (started by stown in /home/stown/IdeaProjects/Spring Tutorial/JavafxSpring02)
2019-12-08 01:50:41.565  INFO 16591 --- [JavaFX Application Thread] o.s.boot.SpringApplication               : No active profile set, falling back to default profiles: default
2019-12-08 01:50:42.335  INFO 16591 --- [JavaFX Application Thread] .s.d.r.c.RepositoryConfigurationDelegate : Bootstrapping Spring Data repositories in DEFAULT mode.
2019-12-08 01:50:42.378  INFO 16591 --- [JavaFX Application Thread] .s.d.r.c.RepositoryConfigurationDelegate : Finished Spring Data repository scanning in 26ms. Found 0 repository interfaces.
2019-12-08 01:50:43.022  INFO 16591 --- [JavaFX Application Thread] com.zaxxer.hikari.HikariDataSource       : HikariPool-1 - Starting...
2019-12-08 01:50:43.473  INFO 16591 --- [JavaFX Application Thread] com.zaxxer.hikari.HikariDataSource       : HikariPool-1 - Start completed.
2019-12-08 01:50:43.567  INFO 16591 --- [JavaFX Application Thread] o.hibernate.jpa.internal.util.LogHelper  : HHH000204: Processing PersistenceUnitInfo [name: default]
2019-12-08 01:50:43.759  INFO 16591 --- [JavaFX Application Thread] org.hibernate.Version                    : HHH000412: Hibernate Core {5.4.8.Final}
2019-12-08 01:50:44.083  INFO 16591 --- [JavaFX Application Thread] o.hibernate.annotations.common.Version   : HCANN000001: Hibernate Commons Annotations {5.1.0.Final}
2019-12-08 01:50:44.309  INFO 16591 --- [JavaFX Application Thread] org.hibernate.dialect.Dialect            : HHH000400: Using dialect: org.hibernate.dialect.PostgreSQL10Dialect
2019-12-08 01:50:45.683  INFO 16591 --- [JavaFX Application Thread] o.h.e.t.j.p.i.JtaPlatformInitiator       : HHH000490: Using JtaPlatform implementation: [org.hibernate.engine.transaction.jta.platform.internal.NoJtaPlatform]
2019-12-08 01:50:45.697  INFO 16591 --- [JavaFX Application Thread] j.LocalContainerEntityManagerFactoryBean : Initialized JPA EntityManagerFactory for persistence unit 'default'
2019-12-08 01:50:45.905  INFO 16591 --- [JavaFX Application Thread] o.s.boot.SpringApplication               : Started application in 5.2 seconds (JVM running for 6.831)
2019-12-08 01:50:45.952  INFO 16591 --- [JavaFX Application Thread] c.p.l.controller.AppController           : Successfully load main windowd
2019-12-08 01:50:46.579  INFO 16591 --- [JavaFX Application Thread] c.p.l.c.menuKiri.PanelKiriController     : Load panel kiri
2019-12-08 01:50:47.142  INFO 16591 --- [JavaFX Application Thread] c.p.l.JavafxSpring02Application          : Loading project javaspringexample02 successfully
2019-12-08 01:50:50.508  INFO 16591 --- [JavaFX Application Thread] c.p.l.controller.LogController           : Successfully load log window
2019-12-08 01:51:09.529  INFO 16591 --- [SpringContextShutdownHook] j.LocalContainerEntityManagerFactoryBean : Closing JPA EntityManagerFactory for persistence unit 'default'
2019-12-08 01:51:09.535  INFO 16591 --- [SpringContextShutdownHook] com.zaxxer.hikari.HikariDataSource       : HikariPool-1 - Shutdown initiated...
2019-12-08 01:51:09.566  INFO 16591 --- [SpringContextShutdownHook] com.zaxxer.hikari.HikariDataSource       : HikariPool-1 - Shutdown completed.
2019-12-08 01:51:43.851  INFO 16704 --- [JavaFX Application Thread] o.s.boot.SpringApplication               : Starting application on pawen with PID 16704 (started by stown in /home/stown/IdeaProjects/Spring Tutorial/JavafxSpring02)
2019-12-08 01:51:43.853  INFO 16704 --- [JavaFX Application Thread] o.s.boot.SpringApplication               : No active profile set, falling back to default profiles: default
2019-12-08 01:51:44.703  INFO 16704 --- [JavaFX Application Thread] .s.d.r.c.RepositoryConfigurationDelegate : Bootstrapping Spring Data repositories in DEFAULT mode.
2019-12-08 01:51:44.780  INFO 16704 --- [JavaFX Application Thread] .s.d.r.c.RepositoryConfigurationDelegate : Finished Spring Data repository scanning in 61ms. Found 0 repository interfaces.
2019-12-08 01:51:45.458  INFO 16704 --- [JavaFX Application Thread] com.zaxxer.hikari.HikariDataSource       : HikariPool-1 - Starting...
2019-12-08 01:51:45.974  INFO 16704 --- [JavaFX Application Thread] com.zaxxer.hikari.HikariDataSource       : HikariPool-1 - Start completed.
2019-12-08 01:51:46.072  INFO 16704 --- [JavaFX Application Thread] o.hibernate.jpa.internal.util.LogHelper  : HHH000204: Processing PersistenceUnitInfo [name: default]
2019-12-08 01:51:46.236  INFO 16704 --- [JavaFX Application Thread] org.hibernate.Version                    : HHH000412: Hibernate Core {5.4.8.Final}
2019-12-08 01:51:46.569  INFO 16704 --- [JavaFX Application Thread] o.hibernate.annotations.common.Version   : HCANN000001: Hibernate Commons Annotations {5.1.0.Final}
2019-12-08 01:51:46.843  INFO 16704 --- [JavaFX Application Thread] org.hibernate.dialect.Dialect            : HHH000400: Using dialect: org.hibernate.dialect.PostgreSQL10Dialect
2019-12-08 01:51:48.337  INFO 16704 --- [JavaFX Application Thread] o.h.e.t.j.p.i.JtaPlatformInitiator       : HHH000490: Using JtaPlatform implementation: [org.hibernate.engine.transaction.jta.platform.internal.NoJtaPlatform]
2019-12-08 01:51:48.358  INFO 16704 --- [JavaFX Application Thread] j.LocalContainerEntityManagerFactoryBean : Initialized JPA EntityManagerFactory for persistence unit 'default'
2019-12-08 01:51:48.649  INFO 16704 --- [JavaFX Application Thread] o.s.boot.SpringApplication               : Started application in 5.923 seconds (JVM running for 7.654)
2019-12-08 01:51:48.696  INFO 16704 --- [JavaFX Application Thread] c.p.l.controller.AppController           : Successfully load main windowd
2019-12-08 01:51:49.257  INFO 16704 --- [JavaFX Application Thread] c.p.l.c.menuKiri.PanelKiriController     : Load panel kiri
2019-12-08 01:51:49.812  INFO 16704 --- [JavaFX Application Thread] c.p.l.JavafxSpring02Application          : Loading project javaspringexample02 successfully
2019-12-08 01:52:53.582  INFO 16704 --- [SpringContextShutdownHook] j.LocalContainerEntityManagerFactoryBean : Closing JPA EntityManagerFactory for persistence unit 'default'
2019-12-08 01:52:53.590  INFO 16704 --- [SpringContextShutdownHook] com.zaxxer.hikari.HikariDataSource       : HikariPool-1 - Shutdown initiated...
2019-12-08 01:52:53.639  INFO 16704 --- [SpringContextShutdownHook] com.zaxxer.hikari.HikariDataSource       : HikariPool-1 - Shutdown completed.
2019-12-08 01:54:06.958  INFO 16837 --- [JavaFX Application Thread] o.s.boot.SpringApplication               : Starting application on pawen with PID 16837 (started by stown in /home/stown/IdeaProjects/Spring Tutorial/JavafxSpring02)
2019-12-08 01:54:06.961  INFO 16837 --- [JavaFX Application Thread] o.s.boot.SpringApplication               : No active profile set, falling back to default profiles: default
2019-12-08 01:54:07.657  INFO 16837 --- [JavaFX Application Thread] .s.d.r.c.RepositoryConfigurationDelegate : Bootstrapping Spring Data repositories in DEFAULT mode.
2019-12-08 01:54:07.692  INFO 16837 --- [JavaFX Application Thread] .s.d.r.c.RepositoryConfigurationDelegate : Finished Spring Data repository scanning in 22ms. Found 0 repository interfaces.
2019-12-08 01:54:08.352  INFO 16837 --- [JavaFX Application Thread] com.zaxxer.hikari.HikariDataSource       : HikariPool-1 - Starting...
2019-12-08 01:54:08.877  INFO 16837 --- [JavaFX Application Thread] com.zaxxer.hikari.HikariDataSource       : HikariPool-1 - Start completed.
2019-12-08 01:54:08.994  INFO 16837 --- [JavaFX Application Thread] o.hibernate.jpa.internal.util.LogHelper  : HHH000204: Processing PersistenceUnitInfo [name: default]
2019-12-08 01:54:09.181  INFO 16837 --- [JavaFX Application Thread] org.hibernate.Version                    : HHH000412: Hibernate Core {5.4.8.Final}
2019-12-08 01:54:09.535  INFO 16837 --- [JavaFX Application Thread] o.hibernate.annotations.common.Version   : HCANN000001: Hibernate Commons Annotations {5.1.0.Final}
2019-12-08 01:54:09.907  INFO 16837 --- [JavaFX Application Thread] org.hibernate.dialect.Dialect            : HHH000400: Using dialect: org.hibernate.dialect.PostgreSQL10Dialect
2019-12-08 01:54:11.513  INFO 16837 --- [JavaFX Application Thread] o.h.e.t.j.p.i.JtaPlatformInitiator       : HHH000490: Using JtaPlatform implementation: [org.hibernate.engine.transaction.jta.platform.internal.NoJtaPlatform]
2019-12-08 01:54:11.526  INFO 16837 --- [JavaFX Application Thread] j.LocalContainerEntityManagerFactoryBean : Initialized JPA EntityManagerFactory for persistence unit 'default'
2019-12-08 01:54:11.787  INFO 16837 --- [JavaFX Application Thread] o.s.boot.SpringApplication               : Started application in 5.608 seconds (JVM running for 8.137)
2019-12-08 01:54:11.867  INFO 16837 --- [JavaFX Application Thread] c.p.l.controller.AppController           : Successfully load main windowd
2019-12-08 01:54:12.791  INFO 16837 --- [JavaFX Application Thread] c.p.l.c.menuKiri.PanelKiriController     : Load panel kiri
2019-12-08 01:54:13.232  INFO 16837 --- [JavaFX Application Thread] c.p.l.JavafxSpring02Application          : Loading project javaspringexample02 successfully
2019-12-08 01:55:37.161  INFO 16837 --- [JavaFX Application Thread] c.p.l.controller.LogController           : Successfully load log window
2019-12-08 01:55:38.841  INFO 16837 --- [JavaFX Application Thread] c.p.l.c.menuUtama.AddNewDataController   : Load panel kiri
2019-12-08 01:55:45.535  INFO 16837 --- [JavaFX Application Thread] c.p.l.controller.LogController           : Successfully load log window
2019-12-08 01:55:46.762  INFO 16837 --- [JavaFX Application Thread] c.p.l.c.menuUtama.AddNewDataController   : Load panel kiri
2019-12-08 02:04:40.161  INFO 16837 --- [SpringContextShutdownHook] j.LocalContainerEntityManagerFactoryBean : Closing JPA EntityManagerFactory for persistence unit 'default'
2019-12-08 02:04:40.166  INFO 16837 --- [SpringContextShutdownHook] com.zaxxer.hikari.HikariDataSource       : HikariPool-1 - Shutdown initiated...
2019-12-08 02:04:40.200  INFO 16837 --- [SpringContextShutdownHook] com.zaxxer.hikari.HikariDataSource       : HikariPool-1 - Shutdown completed.
2019-12-08 02:04:52.548  INFO 17130 --- [JavaFX Application Thread] o.s.boot.SpringApplication               : Starting application on pawen with PID 17130 (started by stown in /home/stown/IdeaProjects/Spring Tutorial/JavafxSpring02)
2019-12-08 02:04:52.551  INFO 17130 --- [JavaFX Application Thread] o.s.boot.SpringApplication               : No active profile set, falling back to default profiles: default
2019-12-08 02:04:53.859  INFO 17130 --- [JavaFX Application Thread] .s.d.r.c.RepositoryConfigurationDelegate : Bootstrapping Spring Data repositories in DEFAULT mode.
2019-12-08 02:04:53.936  INFO 17130 --- [JavaFX Application Thread] .s.d.r.c.RepositoryConfigurationDelegate : Finished Spring Data repository scanning in 48ms. Found 0 repository interfaces.
2019-12-08 02:04:56.129  INFO 17130 --- [JavaFX Application Thread] com.zaxxer.hikari.HikariDataSource       : HikariPool-1 - Starting...
2019-12-08 02:04:57.640  INFO 17130 --- [JavaFX Application Thread] com.zaxxer.hikari.HikariDataSource       : HikariPool-1 - Start completed.
2019-12-08 02:04:57.808  INFO 17130 --- [JavaFX Application Thread] o.hibernate.jpa.internal.util.LogHelper  : HHH000204: Processing PersistenceUnitInfo [name: default]
2019-12-08 02:04:58.210  INFO 17130 --- [JavaFX Application Thread] org.hibernate.Version                    : HHH000412: Hibernate Core {5.4.8.Final}
2019-12-08 02:04:59.650  INFO 17130 --- [JavaFX Application Thread] o.hibernate.annotations.common.Version   : HCANN000001: Hibernate Commons Annotations {5.1.0.Final}
2019-12-08 02:05:00.812  INFO 17130 --- [JavaFX Application Thread] org.hibernate.dialect.Dialect            : HHH000400: Using dialect: org.hibernate.dialect.PostgreSQL10Dialect
2019-12-08 02:05:03.814  INFO 17130 --- [JavaFX Application Thread] o.h.e.t.j.p.i.JtaPlatformInitiator       : HHH000490: Using JtaPlatform implementation: [org.hibernate.engine.transaction.jta.platform.internal.NoJtaPlatform]
2019-12-08 02:05:03.825  INFO 17130 --- [JavaFX Application Thread] j.LocalContainerEntityManagerFactoryBean : Initialized JPA EntityManagerFactory for persistence unit 'default'
2019-12-08 02:05:04.013  INFO 17130 --- [JavaFX Application Thread] o.s.boot.SpringApplication               : Started application in 12.347 seconds (JVM running for 15.022)
2019-12-08 02:05:04.034  INFO 17130 --- [JavaFX Application Thread] c.p.l.controller.AppController           : Successfully load main windowd
2019-12-08 02:05:04.735  INFO 17130 --- [JavaFX Application Thread] c.p.l.c.menuKiri.PanelKiriController     : Load panel kiri
2019-12-08 02:05:06.326  INFO 17130 --- [JavaFX Application Thread] c.p.l.JavafxSpring02Application          : Loading project javaspringexample02 successfully
2019-12-08 02:07:15.690  INFO 17130 --- [SpringContextShutdownHook] j.LocalContainerEntityManagerFactoryBean : Closing JPA EntityManagerFactory for persistence unit 'default'
2019-12-08 02:07:15.698  INFO 17130 --- [SpringContextShutdownHook] com.zaxxer.hikari.HikariDataSource       : HikariPool-1 - Shutdown initiated...
2019-12-08 02:07:15.734  INFO 17130 --- [SpringContextShutdownHook] com.zaxxer.hikari.HikariDataSource       : HikariPool-1 - Shutdown completed.
2019-12-08 02:07:22.762  INFO 17470 --- [JavaFX Application Thread] o.s.boot.SpringApplication               : Starting application on pawen with PID 17470 (started by stown in /home/stown/IdeaProjects/Spring Tutorial/JavafxSpring02)
2019-12-08 02:07:22.764  INFO 17470 --- [JavaFX Application Thread] o.s.boot.SpringApplication               : No active profile set, falling back to default profiles: default
2019-12-08 02:07:23.613  INFO 17470 --- [JavaFX Application Thread] .s.d.r.c.RepositoryConfigurationDelegate : Bootstrapping Spring Data repositories in DEFAULT mode.
2019-12-08 02:07:23.662  INFO 17470 --- [JavaFX Application Thread] .s.d.r.c.RepositoryConfigurationDelegate : Finished Spring Data repository scanning in 29ms. Found 0 repository interfaces.
2019-12-08 02:07:24.829  INFO 17470 --- [JavaFX Application Thread] com.zaxxer.hikari.HikariDataSource       : HikariPool-1 - Starting...
2019-12-08 02:07:25.761  INFO 17470 --- [JavaFX Application Thread] com.zaxxer.hikari.HikariDataSource       : HikariPool-1 - Start completed.
2019-12-08 02:07:25.873  INFO 17470 --- [JavaFX Application Thread] o.hibernate.jpa.internal.util.LogHelper  : HHH000204: Processing PersistenceUnitInfo [name: default]
2019-12-08 02:07:26.090  INFO 17470 --- [JavaFX Application Thread] org.hibernate.Version                    : HHH000412: Hibernate Core {5.4.8.Final}
2019-12-08 02:07:26.590  INFO 17470 --- [JavaFX Application Thread] o.hibernate.annotations.common.Version   : HCANN000001: Hibernate Commons Annotations {5.1.0.Final}
2019-12-08 02:07:26.886  INFO 17470 --- [JavaFX Application Thread] org.hibernate.dialect.Dialect            : HHH000400: Using dialect: org.hibernate.dialect.PostgreSQL10Dialect
2019-12-08 02:07:28.407  INFO 17470 --- [JavaFX Application Thread] o.h.e.t.j.p.i.JtaPlatformInitiator       : HHH000490: Using JtaPlatform implementation: [org.hibernate.engine.transaction.jta.platform.internal.NoJtaPlatform]
2019-12-08 02:07:28.421  INFO 17470 --- [JavaFX Application Thread] j.LocalContainerEntityManagerFactoryBean : Initialized JPA EntityManagerFactory for persistence unit 'default'
2019-12-08 02:07:28.641  INFO 17470 --- [JavaFX Application Thread] o.s.boot.SpringApplication               : Started application in 6.819 seconds (JVM running for 8.932)
2019-12-08 02:07:28.665  INFO 17470 --- [JavaFX Application Thread] c.p.l.controller.AppController           : Successfully load main windowd
2019-12-08 02:07:31.254  INFO 17470 --- [JavaFX Application Thread] c.p.l.c.menuKiri.PanelKiriController     : Load panel kiri
2019-12-08 02:07:31.629  INFO 17470 --- [JavaFX Application Thread] c.p.l.JavafxSpring02Application          : Loading project javaspringexample02 successfully
2019-12-08 02:08:24.687  INFO 17470 --- [JavaFX Application Thread] c.p.l.controller.LogController           : Successfully load log window
2019-12-08 02:08:26.179  INFO 17470 --- [JavaFX Application Thread] c.p.l.c.menuUtama.AddNewDataController   : Load panel kiri
2019-12-08 02:08:38.640  INFO 17470 --- [SpringContextShutdownHook] j.LocalContainerEntityManagerFactoryBean : Closing JPA EntityManagerFactory for persistence unit 'default'
2019-12-08 02:08:38.645  INFO 17470 --- [SpringContextShutdownHook] com.zaxxer.hikari.HikariDataSource       : HikariPool-1 - Shutdown initiated...
2019-12-08 02:08:38.688  INFO 17470 --- [SpringContextShutdownHook] com.zaxxer.hikari.HikariDataSource       : HikariPool-1 - Shutdown completed.
2019-12-08 02:12:49.872  INFO 17629 --- [JavaFX Application Thread] o.s.boot.SpringApplication               : Starting application on pawen with PID 17629 (started by stown in /home/stown/IdeaProjects/Spring Tutorial/JavafxSpring02)
2019-12-08 02:12:49.874  INFO 17629 --- [JavaFX Application Thread] o.s.boot.SpringApplication               : No active profile set, falling back to default profiles: default
2019-12-08 02:12:50.553  INFO 17629 --- [JavaFX Application Thread] .s.d.r.c.RepositoryConfigurationDelegate : Bootstrapping Spring Data repositories in DEFAULT mode.
2019-12-08 02:12:50.590  INFO 17629 --- [JavaFX Application Thread] .s.d.r.c.RepositoryConfigurationDelegate : Finished Spring Data repository scanning in 22ms. Found 0 repository interfaces.
2019-12-08 02:12:51.194  INFO 17629 --- [JavaFX Application Thread] com.zaxxer.hikari.HikariDataSource       : HikariPool-1 - Starting...
2019-12-08 02:12:51.675  INFO 17629 --- [JavaFX Application Thread] com.zaxxer.hikari.HikariDataSource       : HikariPool-1 - Start completed.
2019-12-08 02:12:51.762  INFO 17629 --- [JavaFX Application Thread] o.hibernate.jpa.internal.util.LogHelper  : HHH000204: Processing PersistenceUnitInfo [name: default]
2019-12-08 02:12:51.898  INFO 17629 --- [JavaFX Application Thread] org.hibernate.Version                    : HHH000412: Hibernate Core {5.4.8.Final}
2019-12-08 02:12:52.280  INFO 17629 --- [JavaFX Application Thread] o.hibernate.annotations.common.Version   : HCANN000001: Hibernate Commons Annotations {5.1.0.Final}
2019-12-08 02:12:52.577  INFO 17629 --- [JavaFX Application Thread] org.hibernate.dialect.Dialect            : HHH000400: Using dialect: org.hibernate.dialect.PostgreSQL10Dialect
2019-12-08 02:12:54.336  INFO 17629 --- [JavaFX Application Thread] o.h.e.t.j.p.i.JtaPlatformInitiator       : HHH000490: Using JtaPlatform implementation: [org.hibernate.engine.transaction.jta.platform.internal.NoJtaPlatform]
2019-12-08 02:12:54.355  INFO 17629 --- [JavaFX Application Thread] j.LocalContainerEntityManagerFactoryBean : Initialized JPA EntityManagerFactory for persistence unit 'default'
2019-12-08 02:12:54.557  INFO 17629 --- [JavaFX Application Thread] o.s.boot.SpringApplication               : Started application in 5.629 seconds (JVM running for 8.257)
2019-12-08 02:12:54.582  INFO 17629 --- [JavaFX Application Thread] c.p.l.controller.AppController           : Successfully load main windowd
2019-12-08 02:12:55.296  INFO 17629 --- [JavaFX Application Thread] c.p.l.c.menuKiri.PanelKiriController     : Load panel kiri
2019-12-08 02:12:55.952  INFO 17629 --- [JavaFX Application Thread] c.p.l.JavafxSpring02Application          : Loading project javaspringexample02 successfully
2019-12-08 02:13:26.114  INFO 17629 --- [SpringContextShutdownHook] j.LocalContainerEntityManagerFactoryBean : Closing JPA EntityManagerFactory for persistence unit 'default'
2019-12-08 02:13:26.121  INFO 17629 --- [SpringContextShutdownHook] com.zaxxer.hikari.HikariDataSource       : HikariPool-1 - Shutdown initiated...
2019-12-08 02:13:26.157  INFO 17629 --- [SpringContextShutdownHook] com.zaxxer.hikari.HikariDataSource       : HikariPool-1 - Shutdown completed.
2019-12-08 02:29:48.700  INFO 17941 --- [JavaFX Application Thread] o.s.boot.SpringApplication               : Starting application on pawen with PID 17941 (started by stown in /home/stown/IdeaProjects/Spring Tutorial/JavafxSpring02)
2019-12-08 02:29:48.703  INFO 17941 --- [JavaFX Application Thread] o.s.boot.SpringApplication               : No active profile set, falling back to default profiles: default
2019-12-08 02:29:49.492  INFO 17941 --- [JavaFX Application Thread] .s.d.r.c.RepositoryConfigurationDelegate : Bootstrapping Spring Data repositories in DEFAULT mode.
2019-12-08 02:29:49.532  INFO 17941 --- [JavaFX Application Thread] .s.d.r.c.RepositoryConfigurationDelegate : Finished Spring Data repository scanning in 24ms. Found 0 repository interfaces.
2019-12-08 02:29:50.189  INFO 17941 --- [JavaFX Application Thread] com.zaxxer.hikari.HikariDataSource       : HikariPool-1 - Starting...
2019-12-08 02:29:50.723  INFO 17941 --- [JavaFX Application Thread] com.zaxxer.hikari.HikariDataSource       : HikariPool-1 - Start completed.
2019-12-08 02:29:50.820  INFO 17941 --- [JavaFX Application Thread] o.hibernate.jpa.internal.util.LogHelper  : HHH000204: Processing PersistenceUnitInfo [name: default]
2019-12-08 02:29:50.951  INFO 17941 --- [JavaFX Application Thread] org.hibernate.Version                    : HHH000412: Hibernate Core {5.4.8.Final}
2019-12-08 02:29:51.227  INFO 17941 --- [JavaFX Application Thread] o.hibernate.annotations.common.Version   : HCANN000001: Hibernate Commons Annotations {5.1.0.Final}
2019-12-08 02:29:51.466  INFO 17941 --- [JavaFX Application Thread] org.hibernate.dialect.Dialect            : HHH000400: Using dialect: org.hibernate.dialect.PostgreSQL10Dialect
2019-12-08 02:29:52.954  INFO 17941 --- [JavaFX Application Thread] o.h.e.t.j.p.i.JtaPlatformInitiator       : HHH000490: Using JtaPlatform implementation: [org.hibernate.engine.transaction.jta.platform.internal.NoJtaPlatform]
2019-12-08 02:29:52.969  INFO 17941 --- [JavaFX Application Thread] j.LocalContainerEntityManagerFactoryBean : Initialized JPA EntityManagerFactory for persistence unit 'default'
2019-12-08 02:29:53.150  INFO 17941 --- [JavaFX Application Thread] o.s.boot.SpringApplication               : Started application in 5.377 seconds (JVM running for 6.965)
2019-12-08 02:29:53.201  INFO 17941 --- [JavaFX Application Thread] c.p.l.controller.AppController           : Successfully load main windowd
2019-12-08 02:29:53.847  INFO 17941 --- [JavaFX Application Thread] c.p.l.c.menuKiri.PanelKiriController     : Load panel kiri
2019-12-08 02:29:54.651  INFO 17941 --- [JavaFX Application Thread] c.p.l.JavafxSpring02Application          : Loading project javaspringexample02 successfully
2019-12-08 02:30:01.028  INFO 17941 --- [SpringContextShutdownHook] j.LocalContainerEntityManagerFactoryBean : Closing JPA EntityManagerFactory for persistence unit 'default'
2019-12-08 02:30:01.030  INFO 17941 --- [SpringContextShutdownHook] com.zaxxer.hikari.HikariDataSource       : HikariPool-1 - Shutdown initiated...
2019-12-08 02:30:01.072  INFO 17941 --- [SpringContextShutdownHook] com.zaxxer.hikari.HikariDataSource       : HikariPool-1 - Shutdown completed.
2019-12-08 02:30:19.480  INFO 18036 --- [JavaFX Application Thread] o.s.boot.SpringApplication               : Starting application on pawen with PID 18036 (started by stown in /home/stown/IdeaProjects/Spring Tutorial/JavafxSpring02)
2019-12-08 02:30:19.491  INFO 18036 --- [JavaFX Application Thread] o.s.boot.SpringApplication               : No active profile set, falling back to default profiles: default
2019-12-08 02:30:20.894  INFO 18036 --- [JavaFX Application Thread] .s.d.r.c.RepositoryConfigurationDelegate : Bootstrapping Spring Data repositories in DEFAULT mode.
2019-12-08 02:30:20.936  INFO 18036 --- [JavaFX Application Thread] .s.d.r.c.RepositoryConfigurationDelegate : Finished Spring Data repository scanning in 27ms. Found 0 repository interfaces.
2019-12-08 02:30:21.810  INFO 18036 --- [JavaFX Application Thread] com.zaxxer.hikari.HikariDataSource       : HikariPool-1 - Starting...
2019-12-08 02:30:22.502  INFO 18036 --- [JavaFX Application Thread] com.zaxxer.hikari.HikariDataSource       : HikariPool-1 - Start completed.
2019-12-08 02:30:22.799  INFO 18036 --- [JavaFX Application Thread] o.hibernate.jpa.internal.util.LogHelper  : HHH000204: Processing PersistenceUnitInfo [name: default]
2019-12-08 02:30:23.021  INFO 18036 --- [JavaFX Application Thread] org.hibernate.Version                    : HHH000412: Hibernate Core {5.4.8.Final}
2019-12-08 02:30:23.453  INFO 18036 --- [JavaFX Application Thread] o.hibernate.annotations.common.Version   : HCANN000001: Hibernate Commons Annotations {5.1.0.Final}
2019-12-08 02:30:23.719  INFO 18036 --- [JavaFX Application Thread] org.hibernate.dialect.Dialect            : HHH000400: Using dialect: org.hibernate.dialect.PostgreSQL10Dialect
2019-12-08 02:30:25.157  INFO 18036 --- [JavaFX Application Thread] o.h.e.t.j.p.i.JtaPlatformInitiator       : HHH000490: Using JtaPlatform implementation: [org.hibernate.engine.transaction.jta.platform.internal.NoJtaPlatform]
2019-12-08 02:30:25.167  INFO 18036 --- [JavaFX Application Thread] j.LocalContainerEntityManagerFactoryBean : Initialized JPA EntityManagerFactory for persistence unit 'default'
2019-12-08 02:30:25.317  INFO 18036 --- [JavaFX Application Thread] o.s.boot.SpringApplication               : Started application in 7.345 seconds (JVM running for 9.94)
2019-12-08 02:30:25.332  INFO 18036 --- [JavaFX Application Thread] c.p.l.controller.AppController           : Successfully load main windowd
2019-12-08 02:30:25.746  INFO 18036 --- [JavaFX Application Thread] c.p.l.c.menuKiri.PanelKiriController     : Load panel kiri
2019-12-08 02:30:26.120  INFO 18036 --- [JavaFX Application Thread] c.p.l.JavafxSpring02Application          : Loading project javaspringexample02 successfully
2019-12-08 02:30:29.196  INFO 18036 --- [SpringContextShutdownHook] j.LocalContainerEntityManagerFactoryBean : Closing JPA EntityManagerFactory for persistence unit 'default'
2019-12-08 02:30:29.204  INFO 18036 --- [SpringContextShutdownHook] com.zaxxer.hikari.HikariDataSource       : HikariPool-1 - Shutdown initiated...
2019-12-08 02:30:29.241  INFO 18036 --- [SpringContextShutdownHook] com.zaxxer.hikari.HikariDataSource       : HikariPool-1 - Shutdown completed.
